<?xml version="1.0" encoding="UTF-8"?>
<testsuite xmlns:xsi="http://www.w3.org/2001/XMLSchema-instance" xsi:noNamespaceSchemaLocation="https://maven.apache.org/surefire/maven-surefire-plugin/xsd/surefire-test-report.xsd" name="TestSuite" time="87.592" tests="8" errors="0" skipped="2" failures="1">
  <properties>
[...]
</properties>
  <testcase name="HomePageUrlVerification" classname="com.qa.opencart.testcases.HomePageTestClass" time="2.357"/>
  <testcase name="HomePageTitle" classname="com.qa.opencart.testcases.HomePageTestClass" time="1.599"/>
  <testcase name="Setup" classname="com.qa.opencart.testcases.LoginPageTest" time="3.118">
    <failure message="Error {&#10;  message=&apos;Timeout 30000ms exceeded.&#10;  name=&apos;TimeoutError&#10;  stack=&apos;TimeoutError: Timeout 30000ms exceeded.&#10;    at ProgressController.run (C:\Users\Waqas\AppData\Local\Temp\playwright-java-15619235558210275153\package\lib\server\progress.js:75:26)&#10;    at Frame.goto (C:\Users\Waqas\AppData\Local\Temp\playwright-java-15619235558210275153\package\lib\server\frames.js:521:23)&#10;    at FrameDispatcher.goto (C:\Users\Waqas\AppData\Local\Temp\playwright-java-15619235558210275153\package\lib\server\dispatchers\frameDispatcher.js:82:119)&#10;    at FrameDispatcher._handleCommand (C:\Users\Waqas\AppData\Local\Temp\playwright-java-15619235558210275153\package\lib\server\dispatchers\dispatcher.js:94:40)&#10;    at DispatcherConnection.dispatch (C:\Users\Waqas\AppData\Local\Temp\playwright-java-15619235558210275153\package\lib\server\dispatchers\dispatcher.js:361:39)&#10;}&#10;Call log:&#10;-   - navigating to &quot;https://naveenautomationlabs.com/opencart/&quot;, waiting until &quot;load&quot;&#10;" type="com.microsoft.playwright.TimeoutError">com.microsoft.playwright.TimeoutError: 
Error {
  message='Timeout 30000ms exceeded.
  name='TimeoutError
  stack='TimeoutError: Timeout 30000ms exceeded.
    at ProgressController.run (C:\Users\Waqas\AppData\Local\Temp\playwright-java-15619235558210275153\package\lib\server\progress.js:75:26)
    at Frame.goto (C:\Users\Waqas\AppData\Local\Temp\playwright-java-15619235558210275153\package\lib\server\frames.js:521:23)
    at FrameDispatcher.goto (C:\Users\Waqas\AppData\Local\Temp\playwright-java-15619235558210275153\package\lib\server\dispatchers\frameDispatcher.js:82:119)
    at FrameDispatcher._handleCommand (C:\Users\Waqas\AppData\Local\Temp\playwright-java-15619235558210275153\package\lib\server\dispatchers\dispatcher.js:94:40)
    at DispatcherConnection.dispatch (C:\Users\Waqas\AppData\Local\Temp\playwright-java-15619235558210275153\package\lib\server\dispatchers\dispatcher.js:361:39)
}
Call log:
-   - navigating to "https://naveenautomationlabs.com/opencart/", waiting until "load"

Caused by: com.microsoft.playwright.TimeoutError: 
Error {
  message='Timeout 30000ms exceeded.
  name='TimeoutError
  stack='TimeoutError: Timeout 30000ms exceeded.
    at ProgressController.run (C:\Users\Waqas\AppData\Local\Temp\playwright-java-15619235558210275153\package\lib\server\progress.js:75:26)
    at Frame.goto (C:\Users\Waqas\AppData\Local\Temp\playwright-java-15619235558210275153\package\lib\server\frames.js:521:23)
    at FrameDispatcher.goto (C:\Users\Waqas\AppData\Local\Temp\playwright-java-15619235558210275153\package\lib\server\dispatchers\frameDispatcher.js:82:119)
    at FrameDispatcher._handleCommand (C:\Users\Waqas\AppData\Local\Temp\playwright-java-15619235558210275153\package\lib\server\dispatchers\dispatcher.js:94:40)
    at DispatcherConnection.dispatch (C:\Users\Waqas\AppData\Local\Temp\playwright-java-15619235558210275153\package\lib\server\dispatchers\dispatcher.js:361:39)
}
Call log:
-   - navigating to "https://naveenautomationlabs.com/opencart/", waiting until "load"

</failure>
    <system-out><![CDATA[HomePageSearch started!
]]></system-out>
  </testcase>
  <testcase name="ArrayOperations" classname="com.qa.opencart.testcases.LoginPageTest" time="0">
    <skipped message="Error {&#10;  message=&apos;Timeout 30000ms exceeded.&#10;  name=&apos;TimeoutError&#10;  stack=&apos;TimeoutError: Timeout 30000ms exceeded.&#10;    at ProgressController.run (C:\Users\Waqas\AppData\Local\Temp\playwright-java-15619235558210275153\package\lib\server\progress.js:75:26)&#10;    at Frame.goto (C:\Users\Waqas\AppData\Local\Temp\playwright-java-15619235558210275153\package\lib\server\frames.js:521:23)&#10;    at FrameDispatcher.goto (C:\Users\Waqas\AppData\Local\Temp\playwright-java-15619235558210275153\package\lib\server\dispatchers\frameDispatcher.js:82:119)&#10;    at FrameDispatcher._handleCommand (C:\Users\Waqas\AppData\Local\Temp\playwright-java-15619235558210275153\package\lib\server\dispatchers\dispatcher.js:94:40)&#10;    at DispatcherConnection.dispatch (C:\Users\Waqas\AppData\Local\Temp\playwright-java-15619235558210275153\package\lib\server\dispatchers\dispatcher.js:361:39)&#10;}&#10;Call log:&#10;-   - navigating to &quot;https://naveenautomationlabs.com/opencart/&quot;, waiting until &quot;load&quot;&#10;"/>
    <system-out><![CDATA[ArrayOperations started!
->ArrayOperations skipped!
Search product name: Search - Macbook
]]></system-out>
  </testcase>
  <testcase name="Teardown" classname="com.qa.opencart.testcases.LoginPageTest" time="0">
    <skipped/>
    <system-out><![CDATA[->HomePageSearch==>passed!
]]></system-out>
  </testcase>
  <testcase name="HomePageSearch" classname="com.qa.opencart.testcases.HomePageTestClass" time="11.84"/>
  <testcase name="HomePageSearch" classname="com.qa.opencart.testcases.HomePageTestClass" time="6.736"/>
  <testcase name="HomePageSearch" classname="com.qa.opencart.testcases.HomePageTestClass" time="5.428"/>
</testsuite>