<?xml version="1.0" encoding="UTF-8"?>
<testsuite xmlns:xsi="http://www.w3.org/2001/XMLSchema-instance" xsi:noNamespaceSchemaLocation="https://maven.apache.org/surefire/maven-surefire-plugin/xsd/surefire-test-report.xsd" name="TestSuite" time="31.952" tests="6" errors="0" skipped="0" failures="0">
  <properties>
[...]
</properties>
  <testcase name="HomePageUrlVerification" classname="com.qa.opencart.testcases.HomePageTestClass" time="0.326"/>
  <testcase name="HomePageTitle" classname="com.qa.opencart.testcases.HomePageTestClass" time="0.29"/>
  <testcase name="ArrayOperations" classname="com.qa.opencart.testcases.LoginPageTest" time="0.302"/>
  <testcase name="HomePageSearch" classname="com.qa.opencart.testcases.HomePageTestClass" time="4.528"/>
  <testcase name="HomePageSearch" classname="com.qa.opencart.testcases.HomePageTestClass" time="4.462"/>
  <testcase name="HomePageSearch" classname="com.qa.opencart.testcases.HomePageTestClass" time="4.546"/>
</testsuite>