<?xml version="1.0" encoding="UTF-8"?>
<testng-results ignored="0" total="5" passed="5" failed="0" skipped="0">
  <reporter-output>
  </reporter-output>
  <suite started-at="2024-12-27T19:10:36 PKT" name="Regression Suit Opencart Site Automated Test Cases" finished-at="2024-12-27T19:11:07 PKT" duration-ms="31050">
    <groups>
    </groups>
    <test started-at="2024-12-27T19:10:36 PKT" name="Regression Test-&gt;Home Page" finished-at="2024-12-27T19:11:07 PKT" duration-ms="31050">
      <class name="com.qa.opencart.testcases.HomePageTestClass">
        <test-method is-config="true" signature="setup()[pri:0, instance:com.qa.opencart.testcases.HomePageTestClass@6b2ea799]" started-at="2024-12-27T19:10:36 PKT" name="setup" finished-at="2024-12-27T19:10:53 PKT" duration-ms="16971" status="PASS">
          <reporter-output>
          </reporter-output>
        </test-method> <!-- setup -->
        <test-method signature="HomePageUrlVerification()[pri:1, instance:com.qa.opencart.testcases.HomePageTestClass@6b2ea799]" started-at="2024-12-27T19:10:53 PKT" name="HomePageUrlVerification" finished-at="2024-12-27T19:10:53 PKT" duration-ms="26" status="PASS">
          <reporter-output>
          </reporter-output>
        </test-method> <!-- HomePageUrlVerification -->
        <test-method signature="HomePageTitle()[pri:2, instance:com.qa.opencart.testcases.HomePageTestClass@6b2ea799]" started-at="2024-12-27T19:10:53 PKT" name="HomePageTitle" finished-at="2024-12-27T19:10:53 PKT" duration-ms="31" status="PASS">
          <reporter-output>
          </reporter-output>
        </test-method> <!-- HomePageTitle -->
        <test-method signature="HomePageSearch(java.lang.String)[pri:3, instance:com.qa.opencart.testcases.HomePageTestClass@6b2ea799]" started-at="2024-12-27T19:10:53 PKT" name="HomePageSearch" data-provider="getProductData" finished-at="2024-12-27T19:10:57 PKT" duration-ms="4656" status="PASS">
          <params>
            <param index="0">
              <value>
                <![CDATA[Mackbook]]>
              </value>
            </param>
          </params>
          <reporter-output>
          </reporter-output>
        </test-method> <!-- HomePageSearch -->
        <test-method signature="HomePageSearch(java.lang.String)[pri:3, instance:com.qa.opencart.testcases.HomePageTestClass@6b2ea799]" started-at="2024-12-27T19:10:57 PKT" name="HomePageSearch" data-provider="getProductData" finished-at="2024-12-27T19:11:02 PKT" duration-ms="4394" status="PASS">
          <params>
            <param index="0">
              <value>
                <![CDATA[iMac]]>
              </value>
            </param>
          </params>
          <reporter-output>
          </reporter-output>
        </test-method> <!-- HomePageSearch -->
        <test-method signature="HomePageSearch(java.lang.String)[pri:3, instance:com.qa.opencart.testcases.HomePageTestClass@6b2ea799]" started-at="2024-12-27T19:11:02 PKT" name="HomePageSearch" data-provider="getProductData" finished-at="2024-12-27T19:11:06 PKT" duration-ms="4368" status="PASS">
          <params>
            <param index="0">
              <value>
                <![CDATA[Samsung]]>
              </value>
            </param>
          </params>
          <reporter-output>
          </reporter-output>
        </test-method> <!-- HomePageSearch -->
        <test-method is-config="true" signature="Teardown()[pri:0, instance:com.qa.opencart.testcases.HomePageTestClass@6b2ea799]" started-at="2024-12-27T19:11:06 PKT" name="Teardown" finished-at="2024-12-27T19:11:07 PKT" duration-ms="376" status="PASS">
          <reporter-output>
          </reporter-output>
        </test-method> <!-- Teardown -->
      </class> <!-- com.qa.opencart.testcases.HomePageTestClass -->
    </test> <!-- Regression Test->Home Page -->
  </suite> <!-- Regression Suit Opencart Site Automated Test Cases -->
</testng-results>
