<?xml version="1.0" encoding="UTF-8"?>
<!-- Generated by org.testng.reporters.JUnitXMLReporter -->
<testsuite ignored="3" hostname="NX00636" failures="0" tests="1" name="Regression Test_Edge-&gt;Home Page" time="18.085" errors="0" timestamp="2025-02-21T10:16:18 PKT">
  <testcase classname="com.qa.opencart.testcases.LoginPageTest" name="ArrayOperations" time="0.652"/>
  <testcase classname="com.qa.opencart.testcases.LoginPageTest" name="appLoginTest" time="0.0">
    <ignored/>
  </testcase> <!-- appLoginTest -->
  <testcase classname="com.qa.opencart.testcases.LoginPageTest" name="ForgotLinkExistTest" time="0.0">
    <ignored/>
  </testcase> <!-- ForgotLinkExistTest -->
  <testcase classname="com.qa.opencart.testcases.LoginPageTest" name="loginPageNavigationTest" time="0.0">
    <ignored/>
  </testcase> <!-- loginPageNavigationTest -->
</testsuite> <!-- Regression Test_Edge->Home Page -->
