<?xml version="1.0" encoding="UTF-8"?>
<!-- Generated by org.testng.reporters.JUnitXMLReporter -->
<testsuite ignored="0" hostname="BOKJ8F0-Waqas" failures="0" tests="5" name="Regression Test_Chrome-&gt;Home Page" time="85.378" errors="0" timestamp="2025-02-20T12:09:55 PKT">
  <testcase classname="com.qa.opencart.testcases.BaseTest" name="@BeforeTest Setup" time="59.707">
    <failure type="com.microsoft.playwright.TimeoutError" message="Error {
  message=&amp;apos;Timeout 30000ms exceeded.
  name=&amp;apos;TimeoutError
  stack=&amp;apos;TimeoutError: Timeout 30000ms exceeded.
    at ProgressController.run (C:\Users\Waqas\AppData\Local\Temp\playwright-java-15619235558210275153\package\lib\server\progress.js:75:26)
    at Frame.goto (C:\Users\Waqas\AppData\Local\Temp\playwright-java-15619235558210275153\package\lib\server\frames.js:521:23)
    at FrameDispatcher.goto (C:\Users\Waqas\AppData\Local\Temp\playwright-java-15619235558210275153\package\lib\server\dispatchers\frameDispatcher.js:82:119)
    at FrameDispatcher._handleCommand (C:\Users\Waqas\AppData\Local\Temp\playwright-java-15619235558210275153\package\lib\server\dispatchers\dispatcher.js:94:40)
    at DispatcherConnection.dispatch (C:\Users\Waqas\AppData\Local\Temp\playwright-java-15619235558210275153\package\lib\server\dispatchers\dispatcher.js:361:39)
}
Call log:
-   - navigating to &amp;quot;https://naveenautomationlabs.com/opencart/&amp;quot;, waiting until &amp;quot;load&amp;quot;
">
      <![CDATA[com.microsoft.playwright.TimeoutError: Error {
  message='Timeout 30000ms exceeded.
  name='TimeoutError
  stack='TimeoutError: Timeout 30000ms exceeded.
    at ProgressController.run (C:\Users\Waqas\AppData\Local\Temp\playwright-java-15619235558210275153\package\lib\server\progress.js:75:26)
    at Frame.goto (C:\Users\Waqas\AppData\Local\Temp\playwright-java-15619235558210275153\package\lib\server\frames.js:521:23)
    at FrameDispatcher.goto (C:\Users\Waqas\AppData\Local\Temp\playwright-java-15619235558210275153\package\lib\server\dispatchers\frameDispatcher.js:82:119)
    at FrameDispatcher._handleCommand (C:\Users\Waqas\AppData\Local\Temp\playwright-java-15619235558210275153\package\lib\server\dispatchers\dispatcher.js:94:40)
    at DispatcherConnection.dispatch (C:\Users\Waqas\AppData\Local\Temp\playwright-java-15619235558210275153\package\lib\server\dispatchers\dispatcher.js:361:39)
}
Call log:
-   - navigating to "https://naveenautomationlabs.com/opencart/", waiting until "load"

at com.microsoft.playwright.impl.WaitableResult.get(WaitableResult.java:52)
at com.microsoft.playwright.impl.ChannelOwner.runUntil(ChannelOwner.java:132)
at com.microsoft.playwright.impl.Connection.sendMessage(Connection.java:130)
at com.microsoft.playwright.impl.ChannelOwner.sendMessage(ChannelOwner.java:118)
at com.microsoft.playwright.impl.FrameImpl.navigateImpl(FrameImpl.java:463)
at com.microsoft.playwright.impl.PageImpl.lambda$navigate$47(PageImpl.java:943)
at com.microsoft.playwright.impl.LoggingSupport.withLogging(LoggingSupport.java:47)
at com.microsoft.playwright.impl.ChannelOwner.withLogging(ChannelOwner.java:97)
at com.microsoft.playwright.impl.PageImpl.navigate(PageImpl.java:943)
at com.microsoft.playwright.impl.PageImpl.navigate(PageImpl.java:42)
at com.microsoft.playwright.Page.navigate(Page.java:5474)
at com.qa.opencart.factory.PlaywrightFactory.initBrowser(PlaywrightFactory.java:119)
at com.qa.opencart.testcases.BaseTest.Setup(BaseTest.java:26)
at java.base/java.util.concurrent.FutureTask.run(FutureTask.java:317)
at java.base/java.util.concurrent.ThreadPoolExecutor.runWorker(ThreadPoolExecutor.java:1144)
at java.base/java.util.concurrent.ThreadPoolExecutor$Worker.run(ThreadPoolExecutor.java:642)
at java.base/java.lang.Thread.run(Thread.java:1583)
Caused by: com.microsoft.playwright.TimeoutError: Error {
  message='Timeout 30000ms exceeded.
  name='TimeoutError
  stack='TimeoutError: Timeout 30000ms exceeded.
    at ProgressController.run (C:\Users\Waqas\AppData\Local\Temp\playwright-java-15619235558210275153\package\lib\server\progress.js:75:26)
    at Frame.goto (C:\Users\Waqas\AppData\Local\Temp\playwright-java-15619235558210275153\package\lib\server\frames.js:521:23)
    at FrameDispatcher.goto (C:\Users\Waqas\AppData\Local\Temp\playwright-java-15619235558210275153\package\lib\server\dispatchers\frameDispatcher.js:82:119)
    at FrameDispatcher._handleCommand (C:\Users\Waqas\AppData\Local\Temp\playwright-java-15619235558210275153\package\lib\server\dispatchers\dispatcher.js:94:40)
    at DispatcherConnection.dispatch (C:\Users\Waqas\AppData\Local\Temp\playwright-java-15619235558210275153\package\lib\server\dispatchers\dispatcher.js:361:39)
}
Call log:
-   - navigating to "https://naveenautomationlabs.com/opencart/", waiting until "load"

at com.microsoft.playwright.impl.Connection.dispatch(Connection.java:254)
at com.microsoft.playwright.impl.Connection.processOneMessage(Connection.java:211)
at com.microsoft.playwright.impl.ChannelOwner.runUntil(ChannelOwner.java:130)
... 27 more
... Removed 12 stack frames]]>
    </failure>
  </testcase> <!-- @BeforeTest Setup -->
  <testcase classname="com.qa.opencart.testcases.BaseTest" name="@AfterTest Teardown" time="0.0">
    <skipped/>
  </testcase> <!-- @AfterTest Teardown -->
  <testcase classname="com.qa.opencart.testcases.HomePageTestClass" name="HomePageUrlVerification" time="0.047"/>
  <testcase classname="com.qa.opencart.testcases.HomePageTestClass" name="HomePageTitle" time="0.019"/>
  <testcase classname="com.qa.opencart.testcases.HomePageTestClass" name="HomePageSearch" time="4.996"/>
  <testcase classname="com.qa.opencart.testcases.HomePageTestClass" name="HomePageSearch" time="6.122"/>
  <testcase classname="com.qa.opencart.testcases.HomePageTestClass" name="HomePageSearch" time="4.673"/>
</testsuite> <!-- Regression Test_Chrome->Home Page -->
